1759673003.222421 client started (19166): version 3.2a, socket /tmp/tmux-1000/default, protocol 8
1759673003.222438 on Linux 6.6.87.2-microsoft-standard-WSL2 #1 SMP PREEMPT_DYNAMIC Thu Jun  5 18:30:46 UTC 2025
1759673003.222441 using libevent 2.1.12-stable (poll); ncurses 6.3
1759673003.222452 flags are 0x18010000
1759673003.222455 socket is /tmp/tmux-1000/default
1759673003.222465 trying connect
1759673003.222479 connect failed: No such file or directory
1759673003.222485 lock file is /tmp/tmux-1000/default.lock
1759673003.222610 flock succeeded
1759673003.222614 got lock (6)
1759673003.222621 trying connect
1759673003.222629 connect failed: No such file or directory
1759673003.222842 add peer 0x5ad1953ea980: 8 ((nil))
1759673003.223133 sending message 100 to peer 0x5ad1953ea980 (4 bytes)
1759673003.223137 sending message 111 to peer 0x5ad1953ea980 (8 bytes)
1759673003.223139 sending message 101 to peer 0x5ad1953ea980 (15 bytes)
1759673003.223141 sending message 109 to peer 0x5ad1953ea980 (4 bytes)
1759673003.223143 sending message 102 to peer 0x5ad1953ea980 (11 bytes)
1759673003.223145 sending message 108 to peer 0x5ad1953ea980 (36 bytes)
1759673003.223146 sending message 112 to peer 0x5ad1953ea980 (58 bytes)
1759673003.223149 sending message 112 to peer 0x5ad1953ea980 (5 bytes)
1759673003.223150 sending message 112 to peer 0x5ad1953ea980 (5 bytes)
1759673003.223152 sending message 112 to peer 0x5ad1953ea980 (6 bytes)
1759673003.223154 sending message 112 to peer 0x5ad1953ea980 (6 bytes)
1759673003.223156 sending message 112 to peer 0x5ad1953ea980 (11 bytes)
1759673003.223158 sending message 112 to peer 0x5ad1953ea980 (10 bytes)
1759673003.223160 sending message 112 to peer 0x5ad1953ea980 (13 bytes)
1759673003.223162 sending message 112 to peer 0x5ad1953ea980 (14 bytes)
1759673003.223164 sending message 112 to peer 0x5ad1953ea980 (19 bytes)
1759673003.223165 sending message 112 to peer 0x5ad1953ea980 (11 bytes)
1759673003.223167 sending message 112 to peer 0x5ad1953ea980 (10 bytes)
1759673003.223169 sending message 112 to peer 0x5ad1953ea980 (15 bytes)
1759673003.223171 sending message 112 to peer 0x5ad1953ea980 (21 bytes)
1759673003.223173 sending message 112 to peer 0x5ad1953ea980 (13 bytes)
1759673003.223175 sending message 112 to peer 0x5ad1953ea980 (7 bytes)
1759673003.223177 sending message 112 to peer 0x5ad1953ea980 (13 bytes)
1759673003.223179 sending message 112 to peer 0x5ad1953ea980 (7 bytes)
1759673003.223181 sending message 112 to peer 0x5ad1953ea980 (13 bytes)
1759673003.223182 sending message 112 to peer 0x5ad1953ea980 (9 bytes)
1759673003.223184 sending message 112 to peer 0x5ad1953ea980 (21 bytes)
1759673003.223186 sending message 112 to peer 0x5ad1953ea980 (13 bytes)
1759673003.223188 sending message 112 to peer 0x5ad1953ea980 (9 bytes)
1759673003.223190 sending message 112 to peer 0x5ad1953ea980 (16 bytes)
1759673003.223191 sending message 112 to peer 0x5ad1953ea980 (13 bytes)
1759673003.223289 sending message 112 to peer 0x5ad1953ea980 (9 bytes)
1759673003.223297 sending message 112 to peer 0x5ad1953ea980 (9 bytes)
1759673003.223300 sending message 112 to peer 0x5ad1953ea980 (12 bytes)
1759673003.223302 sending message 112 to peer 0x5ad1953ea980 (8 bytes)
1759673003.223303 sending message 112 to peer 0x5ad1953ea980 (8 bytes)
1759673003.223305 sending message 112 to peer 0x5ad1953ea980 (13 bytes)
1759673003.223307 sending message 112 to peer 0x5ad1953ea980 (7 bytes)
1759673003.223309 sending message 112 to peer 0x5ad1953ea980 (7 bytes)
1759673003.223311 sending message 112 to peer 0x5ad1953ea980 (9 bytes)
1759673003.223313 sending message 112 to peer 0x5ad1953ea980 (9 bytes)
1759673003.223315 sending message 112 to peer 0x5ad1953ea980 (15 bytes)
1759673003.223317 sending message 112 to peer 0x5ad1953ea980 (13 bytes)
1759673003.223318 sending message 112 to peer 0x5ad1953ea980 (12 bytes)
1759673003.223320 sending message 112 to peer 0x5ad1953ea980 (8 bytes)
1759673003.223322 sending message 112 to peer 0x5ad1953ea980 (14 bytes)
1759673003.223324 sending message 112 to peer 0x5ad1953ea980 (11 bytes)
1759673003.223326 sending message 112 to peer 0x5ad1953ea980 (9 bytes)
1759673003.223333 sending message 112 to peer 0x5ad1953ea980 (10 bytes)
1759673003.223335 sending message 112 to peer 0x5ad1953ea980 (10 bytes)
1759673003.223337 sending message 112 to peer 0x5ad1953ea980 (10 bytes)
1759673003.223339 sending message 112 to peer 0x5ad1953ea980 (10 bytes)
1759673003.223341 sending message 112 to peer 0x5ad1953ea980 (11 bytes)
1759673003.223344 sending message 112 to peer 0x5ad1953ea980 (12 bytes)
1759673003.223346 sending message 112 to peer 0x5ad1953ea980 (12 bytes)
1759673003.223348 sending message 112 to peer 0x5ad1953ea980 (12 bytes)
1759673003.223350 sending message 112 to peer 0x5ad1953ea980 (12 bytes)
1759673003.223352 sending message 112 to peer 0x5ad1953ea980 (12 bytes)
1759673003.223354 sending message 112 to peer 0x5ad1953ea980 (11 bytes)
1759673003.223356 sending message 112 to peer 0x5ad1953ea980 (11 bytes)
1759673003.223358 sending message 112 to peer 0x5ad1953ea980 (12 bytes)
1759673003.223360 sending message 112 to peer 0x5ad1953ea980 (12 bytes)
1759673003.223362 sending message 112 to peer 0x5ad1953ea980 (12 bytes)
1759673003.223364 sending message 112 to peer 0x5ad1953ea980 (12 bytes)
1759673003.223365 sending message 112 to peer 0x5ad1953ea980 (12 bytes)
1759673003.223367 sending message 112 to peer 0x5ad1953ea980 (9 bytes)
1759673003.223369 sending message 112 to peer 0x5ad1953ea980 (12 bytes)
1759673003.223371 sending message 112 to peer 0x5ad1953ea980 (13 bytes)
1759673003.223373 sending message 112 to peer 0x5ad1953ea980 (13 bytes)
1759673003.223375 sending message 112 to peer 0x5ad1953ea980 (13 bytes)
1759673003.223376 sending message 112 to peer 0x5ad1953ea980 (13 bytes)
1759673003.223378 sending message 112 to peer 0x5ad1953ea980 (13 bytes)
1759673003.223380 sending message 112 to peer 0x5ad1953ea980 (8 bytes)
1759673003.223382 sending message 112 to peer 0x5ad1953ea980 (11 bytes)
1759673003.223384 sending message 112 to peer 0x5ad1953ea980 (11 bytes)
1759673003.223385 sending message 112 to peer 0x5ad1953ea980 (11 bytes)
1759673003.223387 sending message 112 to peer 0x5ad1953ea980 (12 bytes)
1759673003.223389 sending message 112 to peer 0x5ad1953ea980 (12 bytes)
1759673003.223391 sending message 112 to peer 0x5ad1953ea980 (12 bytes)
1759673003.223392 sending message 112 to peer 0x5ad1953ea980 (12 bytes)
1759673003.223394 sending message 112 to peer 0x5ad1953ea980 (13 bytes)
1759673003.223396 sending message 112 to peer 0x5ad1953ea980 (13 bytes)
1759673003.223398 sending message 112 to peer 0x5ad1953ea980 (13 bytes)
1759673003.223400 sending message 112 to peer 0x5ad1953ea980 (8 bytes)
1759673003.223402 sending message 112 to peer 0x5ad1953ea980 (13 bytes)
1759673003.223404 sending message 112 to peer 0x5ad1953ea980 (13 bytes)
1759673003.223405 sending message 112 to peer 0x5ad1953ea980 (13 bytes)
1759673003.223407 sending message 112 to peer 0x5ad1953ea980 (13 bytes)
1759673003.223409 sending message 112 to peer 0x5ad1953ea980 (13 bytes)
1759673003.223411 sending message 112 to peer 0x5ad1953ea980 (12 bytes)
1759673003.223413 sending message 112 to peer 0x5ad1953ea980 (12 bytes)
1759673003.223414 sending message 112 to peer 0x5ad1953ea980 (12 bytes)
1759673003.223416 sending message 112 to peer 0x5ad1953ea980 (12 bytes)
1759673003.223418 sending message 112 to peer 0x5ad1953ea980 (13 bytes)
1759673003.223420 sending message 112 to peer 0x5ad1953ea980 (8 bytes)
1759673003.223422 sending message 112 to peer 0x5ad1953ea980 (13 bytes)
1759673003.223423 sending message 112 to peer 0x5ad1953ea980 (13 bytes)
1759673003.223425 sending message 112 to peer 0x5ad1953ea980 (13 bytes)
1759673003.223427 sending message 112 to peer 0x5ad1953ea980 (13 bytes)
1759673003.223429 sending message 112 to peer 0x5ad1953ea980 (13 bytes)
1759673003.223431 sending message 112 to peer 0x5ad1953ea980 (13 bytes)
1759673003.223432 sending message 112 to peer 0x5ad1953ea980 (13 bytes)
1759673003.223434 sending message 112 to peer 0x5ad1953ea980 (12 bytes)
1759673003.223436 sending message 112 to peer 0x5ad1953ea980 (12 bytes)
1759673003.223441 sending message 112 to peer 0x5ad1953ea980 (12 bytes)
1759673003.223443 sending message 112 to peer 0x5ad1953ea980 (8 bytes)
1759673003.223445 sending message 112 to peer 0x5ad1953ea980 (12 bytes)
1759673003.223447 sending message 112 to peer 0x5ad1953ea980 (13 bytes)
1759673003.223448 sending message 112 to peer 0x5ad1953ea980 (13 bytes)
1759673003.223450 sending message 112 to peer 0x5ad1953ea980 (13 bytes)
1759673003.223452 sending message 112 to peer 0x5ad1953ea980 (13 bytes)
1759673003.223454 sending message 112 to peer 0x5ad1953ea980 (13 bytes)
1759673003.223456 sending message 112 to peer 0x5ad1953ea980 (13 bytes)
1759673003.223457 sending message 112 to peer 0x5ad1953ea980 (13 bytes)
1759673003.223459 sending message 112 to peer 0x5ad1953ea980 (13 bytes)
1759673003.223461 sending message 112 to peer 0x5ad1953ea980 (12 bytes)
1759673003.223463 sending message 112 to peer 0x5ad1953ea980 (10 bytes)
1759673003.223465 sending message 112 to peer 0x5ad1953ea980 (12 bytes)
1759673003.223466 sending message 112 to peer 0x5ad1953ea980 (12 bytes)
1759673003.223468 sending message 112 to peer 0x5ad1953ea980 (12 bytes)
1759673003.223470 sending message 112 to peer 0x5ad1953ea980 (13 bytes)
1759673003.223472 sending message 112 to peer 0x5ad1953ea980 (13 bytes)
1759673003.223473 sending message 112 to peer 0x5ad1953ea980 (13 bytes)
1759673003.223475 sending message 112 to peer 0x5ad1953ea980 (13 bytes)
1759673003.223477 sending message 112 to peer 0x5ad1953ea980 (13 bytes)
1759673003.223479 sending message 112 to peer 0x5ad1953ea980 (13 bytes)
1759673003.223481 sending message 112 to peer 0x5ad1953ea980 (13 bytes)
1759673003.223483 sending message 112 to peer 0x5ad1953ea980 (10 bytes)
1759673003.223484 sending message 112 to peer 0x5ad1953ea980 (13 bytes)
1759673003.223486 sending message 112 to peer 0x5ad1953ea980 (12 bytes)
1759673003.223488 sending message 112 to peer 0x5ad1953ea980 (12 bytes)
1759673003.223490 sending message 112 to peer 0x5ad1953ea980 (12 bytes)
1759673003.223491 sending message 112 to peer 0x5ad1953ea980 (10 bytes)
1759673003.223493 sending message 112 to peer 0x5ad1953ea980 (10 bytes)
1759673003.223495 sending message 112 to peer 0x5ad1953ea980 (10 bytes)
1759673003.223497 sending message 112 to peer 0x5ad1953ea980 (12 bytes)
1759673003.223499 sending message 112 to peer 0x5ad1953ea980 (13 bytes)
1759673003.223500 sending message 112 to peer 0x5ad1953ea980 (13 bytes)
1759673003.223502 sending message 112 to peer 0x5ad1953ea980 (13 bytes)
1759673003.223504 sending message 112 to peer 0x5ad1953ea980 (13 bytes)
1759673003.223506 sending message 112 to peer 0x5ad1953ea980 (13 bytes)
1759673003.223508 sending message 112 to peer 0x5ad1953ea980 (10 bytes)
1759673003.223510 sending message 112 to peer 0x5ad1953ea980 (11 bytes)
1759673003.223511 sending message 112 to peer 0x5ad1953ea980 (12 bytes)
1759673003.223513 sending message 112 to peer 0x5ad1953ea980 (12 bytes)
1759673003.223515 sending message 112 to peer 0x5ad1953ea980 (12 bytes)
1759673003.223517 sending message 112 to peer 0x5ad1953ea980 (12 bytes)
1759673003.223518 sending message 112 to peer 0x5ad1953ea980 (12 bytes)
1759673003.223520 sending message 112 to peer 0x5ad1953ea980 (11 bytes)
1759673003.223522 sending message 112 to peer 0x5ad1953ea980 (12 bytes)
1759673003.223524 sending message 112 to peer 0x5ad1953ea980 (12 bytes)
1759673003.223525 sending message 112 to peer 0x5ad1953ea980 (13 bytes)
1759673003.223527 sending message 112 to peer 0x5ad1953ea980 (13 bytes)
1759673003.223529 sending message 112 to peer 0x5ad1953ea980 (13 bytes)
1759673003.223531 sending message 112 to peer 0x5ad1953ea980 (13 bytes)
1759673003.223532 sending message 112 to peer 0x5ad1953ea980 (13 bytes)
1759673003.223534 sending message 112 to peer 0x5ad1953ea980 (10 bytes)
1759673003.223536 sending message 112 to peer 0x5ad1953ea980 (9 bytes)
1759673003.223538 sending message 112 to peer 0x5ad1953ea980 (12 bytes)
1759673003.223539 sending message 112 to peer 0x5ad1953ea980 (13 bytes)
1759673003.223541 sending message 112 to peer 0x5ad1953ea980 (13 bytes)
1759673003.223546 sending message 112 to peer 0x5ad1953ea980 (13 bytes)
1759673003.223548 sending message 112 to peer 0x5ad1953ea980 (13 bytes)
1759673003.223550 sending message 112 to peer 0x5ad1953ea980 (13 bytes)
1759673003.223552 sending message 112 to peer 0x5ad1953ea980 (9 bytes)
1759673003.223553 sending message 112 to peer 0x5ad1953ea980 (12 bytes)
1759673003.223555 sending message 112 to peer 0x5ad1953ea980 (13 bytes)
1759673003.223557 sending message 112 to peer 0x5ad1953ea980 (13 bytes)
1759673003.223559 sending message 112 to peer 0x5ad1953ea980 (13 bytes)
1759673003.223564 sending message 112 to peer 0x5ad1953ea980 (13 bytes)
1759673003.223566 sending message 112 to peer 0x5ad1953ea980 (13 bytes)
1759673003.223568 sending message 112 to peer 0x5ad1953ea980 (11 bytes)
1759673003.223570 sending message 112 to peer 0x5ad1953ea980 (12 bytes)
1759673003.223571 sending message 112 to peer 0x5ad1953ea980 (13 bytes)
1759673003.223573 sending message 112 to peer 0x5ad1953ea980 (13 bytes)
1759673003.223575 sending message 112 to peer 0x5ad1953ea980 (13 bytes)
1759673003.223577 sending message 112 to peer 0x5ad1953ea980 (13 bytes)
1759673003.223578 sending message 112 to peer 0x5ad1953ea980 (13 bytes)
1759673003.223580 sending message 112 to peer 0x5ad1953ea980 (11 bytes)
1759673003.223582 sending message 112 to peer 0x5ad1953ea980 (12 bytes)
1759673003.223584 sending message 112 to peer 0x5ad1953ea980 (12 bytes)
1759673003.223585 sending message 112 to peer 0x5ad1953ea980 (12 bytes)
1759673003.223587 sending message 112 to peer 0x5ad1953ea980 (12 bytes)
1759673003.223589 sending message 112 to peer 0x5ad1953ea980 (12 bytes)
1759673003.223591 sending message 112 to peer 0x5ad1953ea980 (21 bytes)
1759673003.223598 sending message 112 to peer 0x5ad1953ea980 (12 bytes)
1759673003.223600 sending message 112 to peer 0x5ad1953ea980 (9 bytes)
1759673003.223602 sending message 112 to peer 0x5ad1953ea980 (6 bytes)
1759673003.223604 sending message 112 to peer 0x5ad1953ea980 (13 bytes)
1759673003.223605 sending message 112 to peer 0x5ad1953ea980 (10 bytes)
1759673003.223607 sending message 112 to peer 0x5ad1953ea980 (24 bytes)
1759673003.223609 sending message 112 to peer 0x5ad1953ea980 (13 bytes)
1759673003.223611 sending message 112 to peer 0x5ad1953ea980 (9 bytes)
1759673003.223613 sending message 112 to peer 0x5ad1953ea980 (70 bytes)
1759673003.223614 sending message 112 to peer 0x5ad1953ea980 (69 bytes)
1759673003.223616 sending message 112 to peer 0x5ad1953ea980 (12 bytes)
1759673003.223618 sending message 112 to peer 0x5ad1953ea980 (10 bytes)
1759673003.223620 sending message 112 to peer 0x5ad1953ea980 (10 bytes)
1759673003.223621 sending message 112 to peer 0x5ad1953ea980 (24 bytes)
1759673003.223623 sending message 112 to peer 0x5ad1953ea980 (13 bytes)
1759673003.223625 sending message 112 to peer 0x5ad1953ea980 (10 bytes)
1759673003.223629 sending message 112 to peer 0x5ad1953ea980 (10 bytes)
1759673003.223631 sending message 112 to peer 0x5ad1953ea980 (10 bytes)
1759673003.223633 sending message 112 to peer 0x5ad1953ea980 (13 bytes)
1759673003.223634 sending message 112 to peer 0x5ad1953ea980 (15 bytes)
1759673003.223636 sending message 112 to peer 0x5ad1953ea980 (5 bytes)
1759673003.223639 sending message 104 to peer 0x5ad1953ea980 (0 bytes)
1759673003.223641 sending message 110 to peer 0x5ad1953ea980 (0 bytes)
1759673003.223643 sending message 107 to peer 0x5ad1953ea980 (4 bytes)
1759673003.223645 sending message 105 to peer 0x5ad1953ea980 (16 bytes)
1759673003.223647 sending message 105 to peer 0x5ad1953ea980 (13 bytes)
1759673003.223649 sending message 105 to peer 0x5ad1953ea980 (775 bytes)
1759673003.223651 sending message 105 to peer 0x5ad1953ea980 (20 bytes)
1759673003.223652 sending message 105 to peer 0x5ad1953ea980 (32 bytes)
1759673003.223654 sending message 105 to peer 0x5ad1953ea980 (11 bytes)
1759673003.223656 sending message 105 to peer 0x5ad1953ea980 (26 bytes)
1759673003.223660 sending message 105 to peer 0x5ad1953ea980 (40 bytes)
1759673003.223662 sending message 105 to peer 0x5ad1953ea980 (24 bytes)
1759673003.223667 sending message 105 to peer 0x5ad1953ea980 (8 bytes)
1759673003.223669 sending message 105 to peer 0x5ad1953ea980 (35 bytes)
1759673003.223671 sending message 105 to peer 0x5ad1953ea980 (21 bytes)
1759673003.223673 sending message 105 to peer 0x5ad1953ea980 (23 bytes)
1759673003.223674 sending message 105 to peer 0x5ad1953ea980 (19 bytes)
1759673003.223676 sending message 105 to peer 0x5ad1953ea980 (13 bytes)
1759673003.223678 sending message 105 to peer 0x5ad1953ea980 (16 bytes)
1759673003.223680 sending message 105 to peer 0x5ad1953ea980 (15 bytes)
1759673003.223681 sending message 105 to peer 0x5ad1953ea980 (54 bytes)
1759673003.223683 sending message 105 to peer 0x5ad1953ea980 (8 bytes)
1759673003.223685 sending message 105 to peer 0x5ad1953ea980 (40 bytes)
1759673003.223687 sending message 105 to peer 0x5ad1953ea980 (48 bytes)
1759673003.223688 sending message 105 to peer 0x5ad1953ea980 (46 bytes)
1759673003.223690 sending message 105 to peer 0x5ad1953ea980 (41 bytes)
1759673003.223694 sending message 105 to peer 0x5ad1953ea980 (16 bytes)
1759673003.223696 sending message 105 to peer 0x5ad1953ea980 (52 bytes)
1759673003.223698 sending message 105 to peer 0x5ad1953ea980 (15 bytes)
1759673003.223700 sending message 105 to peer 0x5ad1953ea980 (25 bytes)
1759673003.223702 sending message 105 to peer 0x5ad1953ea980 (53 bytes)
1759673003.223703 sending message 105 to peer 0x5ad1953ea980 (29 bytes)
1759673003.223705 sending message 105 to peer 0x5ad1953ea980 (28 bytes)
1759673003.223707 sending message 105 to peer 0x5ad1953ea980 (21 bytes)
1759673003.223709 sending message 105 to peer 0x5ad1953ea980 (17 bytes)
1759673003.223710 sending message 105 to peer 0x5ad1953ea980 (35 bytes)
1759673003.223712 sending message 105 to peer 0x5ad1953ea980 (16 bytes)
1759673003.223714 sending message 106 to peer 0x5ad1953ea980 (0 bytes)
1759673003.223717 sending message 200 to peer 0x5ad1953ea980 (4 bytes)
1759673003.223719 client loop enter
1759673003.223752 client_signal: Child exited
1759673003.257875 peer 0x5ad1953ea980 message 207
1759673003.257891 sending message 208 to peer 0x5ad1953ea980 (0 bytes)
1759673009.569069 client_signal: Hangup
1759673009.569088 sending message 205 to peer 0x5ad1953ea980 (0 bytes)
1759673009.569303 client loop exit
